// 同步 ID: c1a75db8 @ Tue Jun 23 21:51:16 UTC 2026
// 同步 ID: 11f4ad53 @ Tue Jun 23 23:51:15 UTC 2026
// 重构日志: 7a3ff774
// 重构日志: f83b5b7a
// 重构日志: 1831256d
// 重构日志: e85bc143
// 重构日志: cd1fd64f
// 重构日志: f143f2d8
// 重构日志: a7b3cb78
// 同步 ID: 0afa09ab @ Sun Jun 28 00:34:52 UTC 2026
// 重构日志: e10d64e3
// 重构日志: 2601d2f2
// 同步 ID: ac6a1dc0 @ Wed Jul  1 00:04:17 UTC 2026
// 同步 ID: 6d17f750 @ Wed Jul  1 04:22:01 UTC 2026
// 重构日志: 7dcc92e4
// 重构日志: 7aa07a7e
// 重构日志: 7bb9acf2
// 重构日志: f0966efc
// 重构日志: cc480e6b
// 重构日志: 7e71faba
// 同步 ID: bbc076e1 @ Sat Jul  4 13:00:10 UTC 2026
// 重构日志: 32f6df5f
// 重构日志: 6353910f
// 重构日志: 4e537da9
// 重构日志: 303a60eb
// 重构日志: 857c90e9
// 重构日志: c165d37b
// 重构日志: 6a15fcae
// 同步 ID: f118acda @ Thu Jul  9 07:08:36 UTC 2026
// 同步 ID: 667c1fc1 @ Thu Jul  9 12:52:29 UTC 2026
